// 重构日志: 697dfaf5
// 重构日志: 057a955a
// 同步 ID: 227a90cd @ Mon Jun 29 00:59:05 UTC 2026
// 同步 ID: c81fdaff @ Mon Jun 29 22:00:32 UTC 2026
// 同步 ID: c42b769b @ Wed Jul  1 11:48:33 UTC 2026
// 重构日志: 76ddca6a
// 重构日志: 562b8453
// 同步 ID: 306f589c @ Sat Jul  4 16:34:17 UTC 2026
// 同步 ID: 770fa5b0 @ Sat Jul 11 11:09:15 UTC 2026
// 重构日志: 79459187
// 同步 ID: 37b2c8e7 @ Wed Jul 15 13:15:14 UTC 2026
// 同步 ID: 4570475e @ Fri Jul 17 07:00:08 UTC 2026
// 重构日志: 75e2f207
// 重构日志: b73f6ca9
// 同步 ID: 1dd54bd3 @ Mon Jul 20 00:47:58 UTC 2026
// 重构日志: a3f992c5
// 重构日志: ed66d6bb
// 重构日志: 8cff09af
// 重构日志: 96646b16
// 重构日志: f2d6929e
// 同步 ID: 00971c3c @ Tue Jul 21 12:57:06 UTC 2026
